<?xml version="1.0" encoding="UTF-8"?>
<!-- Generated by org.testng.reporters.JUnitReportReporter -->
<testsuite hostname="DESKTOP-KMS877P" failures="0" tests="7" name="Ninja.qa.LoginTest" time="41.675" errors="0" timestamp="2023-08-20T15:53:47 IST" skipped="0">
  <testcase classname="Ninja.qa.LoginTest" name="VerifyLoginWithValidCreden" time="5.927"/>
  <testcase classname="Ninja.qa.LoginTest" name="VerifyLoginWithValidCreden" time="5.502"/>
  <testcase classname="Ninja.qa.LoginTest" name="VerifyLoginWithValidCreden" time="5.700"/>
  <testcase classname="Ninja.qa.LoginTest" name="VerifyLoginWithINValidCreden" time="5.145"/>
  <testcase classname="Ninja.qa.LoginTest" name="VerifyLoginWithINValidEmailAndValidPassword" time="6.355"/>
  <testcase classname="Ninja.qa.LoginTest" name="VerifyLoginWithValidEmailAndINValidPassword" time="6.727"/>
  <testcase classname="Ninja.qa.LoginTest" name="VerifyLoginwithoutCredentials" time="6.319"/>
</testsuite> <!-- Ninja.qa.LoginTest -->
