<?xml version="1.0" encoding="UTF-8"?>
<!-- Generated by org.testng.reporters.JUnitReportReporter -->
<testsuite hostname="DESKTOP-KMS877P" failures="0" tests="4" name="Ninja.qa.RegisterTest" time="39.309" errors="0" timestamp="2023-08-20T15:53:47 IST" skipped="0">
  <testcase classname="Ninja.qa.RegisterTest" name="VerifyRegisteringAnAccountshowsMandatoryFields" time="7.802"/>
  <testcase classname="Ninja.qa.RegisterTest" name="VerifyRegisteringAnAccountByProvidingAllFields" time="7.817"/>
  <testcase classname="Ninja.qa.RegisterTest" name="VerifyRegisteringAnAccountByProvidingAllFieldswithExistingEmailAddress" time="7.259"/>
  <testcase classname="Ninja.qa.RegisterTest" name="VerifyloggingintotheApplicatioWithouProvidingAnycredentials" time="16.431"/>
</testsuite> <!-- Ninja.qa.RegisterTest -->
