<?xml version="1.0" encoding="UTF-8"?>
<!-- Generated by org.testng.reporters.JUnitReportReporter -->
<testsuite hostname="DESKTOP-KMS877P" failures="0" tests="3" name="Ninja.qa.Search" time="46.887" errors="0" timestamp="2023-08-06T12:12:32 IST" skipped="0">
  <testcase classname="Ninja.qa.Search" name="VerifySearchValidProduct" time="14.942"/>
  <testcase classname="Ninja.qa.Search" name="VerifySearchWithNonValidProject" time="20.356"/>
  <testcase classname="Ninja.qa.Search" name="VerifySearchWithoutAnyProduct" time="11.589"/>
</testsuite> <!-- Ninja.qa.Search -->
