<?xml version="1.0" encoding="UTF-8"?>
<!-- Generated by org.testng.reporters.JUnitReportReporter -->
<testsuite hostname="DESKTOP-KMS877P" failures="0" tests="4" name="Ninja.qa.copy.Register" time="33.681" errors="0" timestamp="2023-08-06T09:50:35 IST" skipped="0">
  <testcase classname="Ninja.qa.copy.Register" name="VerifyRegisteringAnAccountshowsMandatoryFields" time="9.100"/>
  <testcase classname="Ninja.qa.copy.Register" name="VerifyRegisteringAnAccountByProvidingAllFields" time="7.956"/>
  <testcase classname="Ninja.qa.copy.Register" name="VerifyRegisteringAnAccountByProvidingAllFieldswithExistingEmailAddress" time="9.556"/>
  <testcase classname="Ninja.qa.copy.Register" name="VerifyloggingintotheApplicatioWithouProvidingAnycredentials" time="7.069"/>
</testsuite> <!-- Ninja.qa.copy.Register -->
