<?xml version="1.0" encoding="UTF-8"?>
<!-- Generated by org.testng.reporters.JUnitReportReporter -->
<testsuite hostname="DESKTOP-KMS877P" failures="0" tests="3" name="Ninja.qa.SearchTest" time="30.207" errors="0" timestamp="2023-08-25T13:17:48 IST" skipped="0">
  <testcase classname="Ninja.qa.SearchTest" name="VerifySearchValidProduct" time="10.701"/>
  <testcase classname="Ninja.qa.SearchTest" name="VerifySearchWithNonValidProject" time="8.489"/>
  <testcase classname="Ninja.qa.SearchTest" name="VerifySearchWithoutAnyProduct" time="11.017"/>
</testsuite> <!-- Ninja.qa.SearchTest -->
