<?xml version="1.0" encoding="UTF-8"?>
<!-- Generated by org.testng.reporters.JUnitReportReporter -->
<testsuite hostname="DESKTOP-KMS877P" failures="0" tests="3" name="Ninja.qa.copy.Search" time="19.579" errors="0" timestamp="2023-08-06T09:50:35 IST" skipped="0">
  <testcase classname="Ninja.qa.copy.Search" name="VerifySearchValidProduct" time="6.938"/>
  <testcase classname="Ninja.qa.copy.Search" name="VerifySearchWithNonValidProject" time="6.344"/>
  <testcase classname="Ninja.qa.copy.Search" name="VerifySearchWithoutAnyProduct" time="6.297"/>
</testsuite> <!-- Ninja.qa.copy.Search -->
