<?xml version="1.0" encoding="UTF-8"?>
<!-- Generated by org.testng.reporters.JUnitReportReporter -->
<testsuite hostname="DESKTOP-KMS877P" failures="0" tests="5" name="Ninja.qa.copy.Login" time="37.254" errors="0" timestamp="2023-08-06T09:50:35 IST" skipped="0">
  <testcase classname="Ninja.qa.copy.Login" name="VerifyLoginWithValidCreden" time="8.088"/>
  <testcase classname="Ninja.qa.copy.Login" name="VerifyLoginWithINValidCreden" time="7.789"/>
  <testcase classname="Ninja.qa.copy.Login" name="VerifyLoginWithINValidEmailAndValidPassword" time="7.588"/>
  <testcase classname="Ninja.qa.copy.Login" name="VerifyLoginWithValidEmailAndINValidPassword" time="6.649"/>
  <testcase classname="Ninja.qa.copy.Login" name="VerifyLoginwithoutCredentials" time="7.140"/>
</testsuite> <!-- Ninja.qa.copy.Login -->
