<?xml version="1.0" encoding="UTF-8"?>
<!-- Generated by org.testng.reporters.JUnitReportReporter -->
<testsuite hostname="DESKTOP-KMS877P" failures="0" tests="3" name="Ninja.qa.SearchTest" time="21.419" errors="0" timestamp="2023-08-20T15:53:47 IST" skipped="0">
  <testcase classname="Ninja.qa.SearchTest" name="VerifySearchValidProduct" time="7.141"/>
  <testcase classname="Ninja.qa.SearchTest" name="VerifySearchWithNonValidProject" time="7.193"/>
  <testcase classname="Ninja.qa.SearchTest" name="VerifySearchWithoutAnyProduct" time="7.085"/>
</testsuite> <!-- Ninja.qa.SearchTest -->
