<?xml version="1.0" encoding="UTF-8"?>
<!-- Generated by org.testng.reporters.JUnitReportReporter -->
<testsuite hostname="DESKTOP-KMS877P" failures="0" tests="4" name="Ninja.qa.Register" time="65.676" errors="0" timestamp="2023-08-06T12:12:32 IST" skipped="0">
  <testcase classname="Ninja.qa.Register" name="VerifyRegisteringAnAccountshowsMandatoryFields" time="26.132"/>
  <testcase classname="Ninja.qa.Register" name="VerifyRegisteringAnAccountByProvidingAllFields" time="15.333"/>
  <testcase classname="Ninja.qa.Register" name="VerifyRegisteringAnAccountByProvidingAllFieldswithExistingEmailAddress" time="12.278"/>
  <testcase classname="Ninja.qa.Register" name="VerifyloggingintotheApplicatioWithouProvidingAnycredentials" time="11.933"/>
</testsuite> <!-- Ninja.qa.Register -->
