<?xml version="1.0" encoding="UTF-8"?>
<!-- Generated by org.testng.reporters.JUnitReportReporter -->
<testsuite hostname="DESKTOP-KMS877P" failures="0" tests="3" name="Ninja.qa.SearchTest" time="13.761" errors="0" timestamp="2023-08-20T14:49:11 IST" skipped="0">
  <testcase classname="Ninja.qa.SearchTest" name="VerifySearchValidProduct" time="3.973"/>
  <testcase classname="Ninja.qa.SearchTest" name="VerifySearchWithNonValidProject" time="3.938"/>
  <testcase classname="Ninja.qa.SearchTest" name="VerifySearchWithoutAnyProduct" time="5.850"/>
</testsuite> <!-- Ninja.qa.SearchTest -->
